This is pdfTeX, Version 3.1415926-1.40.9 (MiKTeX 2.7) (preloaded format=pdflatex 2009.5.28)  3 JUN 2009 23:43
entering extended mode
**E:/Turker/My*Dropbox/Dissertation/Thesis/Thesis.tex
("E:/Turker/My Dropbox/Dissertation/Thesis/Thesis.tex"
LaTeX2e <2005/12/01>
Babel <v3.8l> and hyphenation patterns for english, dumylang, nohyphenation, ge
rman, ngerman, german-x-2008-06-18, ngerman-x-2008-06-18, french, loaded.
(vu-eecs-dissertation.cls
Document Class: vu-eecs-dissertation 1999/03/24 Document Class `vu-eecs-dissert
ation'.
("C:\Program Files (x86)\MiKTeX 2.7\tex\latex\base\report.cls"
Document Class: report 2005/09/16 v1.4f Standard LaTeX document class
("C:\Program Files (x86)\MiKTeX 2.7\tex\latex\base\size12.clo"
File: size12.clo 2005/09/16 v1.4f Standard LaTeX file (size option)
)
\c@part=\count79
\c@chapter=\count80
\c@section=\count81
\c@subsection=\count82
\c@subsubsection=\count83
\c@paragraph=\count84
\c@subparagraph=\count85
\c@figure=\count86
\c@table=\count87
\abovecaptionskip=\skip41
\belowcaptionskip=\skip42
\bibindent=\dimen102
)
("C:\Program Files (x86)\MiKTeX 2.7\tex\latex\tools\indentfirst.sty"
Package: indentfirst 1995/11/23 v1.03 Indent first paragraph (DPC)
)
("C:\Program Files (x86)\MiKTeX 2.7\tex\latex\float\float.sty"
Package: float 2001/11/08 v1.3d Float enhancements (AL)
\c@float@type=\count88
\float@exts=\toks14
\float@box=\box26
\@float@everytoks=\toks15
\@floatcapt=\box27
)
("C:\Program Files (x86)\MiKTeX 2.7\tex\latex\setspace\setspace.sty"
Package: setspace 2000/12/01 6.7 Contributed and Supported LaTeX2e package

Package: `setspace' 6.7 <2000/12/01>
)
\@float@every@figure=\toks16
) ("C:\Program Files (x86)\MiKTeX 2.7\tex\latex\graphics\graphicx.sty"
Package: graphicx 1999/02/16 v1.0f Enhanced LaTeX Graphics (DPC,SPQR)

("C:\Program Files (x86)\MiKTeX 2.7\tex\latex\graphics\keyval.sty"
Package: keyval 1999/03/16 v1.13 key=value parser (DPC)
\KV@toks@=\toks17
)
("C:\Program Files (x86)\MiKTeX 2.7\tex\latex\graphics\graphics.sty"
Package: graphics 2006/02/20 v1.0o Standard LaTeX Graphics (DPC,SPQR)

("C:\Program Files (x86)\MiKTeX 2.7\tex\latex\graphics\trig.sty"
Package: trig 1999/03/16 v1.09 sin cos tan (DPC)
)
("C:\Program Files (x86)\MiKTeX 2.7\tex\latex\00miktex\graphics.cfg"
File: graphics.cfg 2007/01/18 v1.5 graphics configuration of teTeX/TeXLive
)
Package graphics Info: Driver file: pdftex.def on input line 90.

("C:\Program Files (x86)\MiKTeX 2.7\tex\latex\pdftex-def\pdftex.def"
File: pdftex.def 2008/09/08 v0.04l Graphics/color for pdfTeX
\Gread@gobject=\count89
))
\Gin@req@height=\dimen103
\Gin@req@width=\dimen104
)
("C:\Program Files (x86)\MiKTeX 2.7\tex\latex\tools\verbatim.sty"
Package: verbatim 2003/08/22 v1.5q LaTeX2e package for verbatim enhancements
\every@verbatim=\toks18
\verbatim@line=\toks19
\verbatim@in@stream=\read1
)
("C:\Program Files (x86)\MiKTeX 2.7\tex\latex\subfigure\subfigure.sty"
Package: subfigure 2002/07/30 v2.1.4 subfigure package
\subfigtopskip=\skip43
\subfigcapskip=\skip44
\subfigcaptopadj=\dimen105
\subfigbottomskip=\skip45
\subfigcapmargin=\dimen106
\subfiglabelskip=\skip46
\c@subfigure=\count90
\c@lofdepth=\count91
\c@subtable=\count92
\c@lotdepth=\count93

****************************************
* Local config file subfigure.cfg used *
****************************************
("C:\Program Files (x86)\MiKTeX 2.7\tex\latex\subfigure\subfigure.cfg")
\subfig@top=\skip47
\subfig@bottom=\skip48
)
("C:\Program Files (x86)\MiKTeX 2.7\tex\latex\amsmath\amsmath.sty"
Package: amsmath 2000/07/18 v2.13 AMS math features
\@mathmargin=\skip49

For additional information on amsmath, use the `?' option.
("C:\Program Files (x86)\MiKTeX 2.7\tex\latex\amsmath\amstext.sty"
Package: amstext 2000/06/29 v2.01

("C:\Program Files (x86)\MiKTeX 2.7\tex\latex\amsmath\amsgen.sty"
File: amsgen.sty 1999/11/30 v2.0
\@emptytoks=\toks20
\ex@=\dimen107
))
("C:\Program Files (x86)\MiKTeX 2.7\tex\latex\amsmath\amsbsy.sty"
Package: amsbsy 1999/11/29 v1.2d
\pmbraise@=\dimen108
)
("C:\Program Files (x86)\MiKTeX 2.7\tex\latex\amsmath\amsopn.sty"
Package: amsopn 1999/12/14 v2.01 operator names
)
\inf@bad=\count94
LaTeX Info: Redefining \frac on input line 211.
\uproot@=\count95
\leftroot@=\count96
LaTeX Info: Redefining \overline on input line 307.
\classnum@=\count97
\DOTSCASE@=\count98
LaTeX Info: Redefining \ldots on input line 379.
LaTeX Info: Redefining \dots on input line 382.
LaTeX Info: Redefining \cdots on input line 467.
\Mathstrutbox@=\box28
\strutbox@=\box29
\big@size=\dimen109
LaTeX Font Info:    Redeclaring font encoding OML on input line 567.
LaTeX Font Info:    Redeclaring font encoding OMS on input line 568.
\macc@depth=\count99
\c@MaxMatrixCols=\count100
\dotsspace@=\muskip10
\c@parentequation=\count101
\dspbrk@lvl=\count102
\tag@help=\toks21
\row@=\count103
\column@=\count104
\maxfields@=\count105
\andhelp@=\toks22
\eqnshift@=\dimen110
\alignsep@=\dimen111
\tagshift@=\dimen112
\tagwidth@=\dimen113
\totwidth@=\dimen114
\lineht@=\dimen115
\@envbody=\toks23
\multlinegap=\skip50
\multlinetaggap=\skip51
\mathdisplay@stack=\toks24
LaTeX Info: Redefining \[ on input line 2666.
LaTeX Info: Redefining \] on input line 2667.
)
("C:\Program Files (x86)\MiKTeX 2.7\tex\latex\fancybox\fancybox.sty"
Package: fancybox 2000/09/19 1.3

Style option: `fancybox' v1.3 <2000/09/19> (tvz)
\@fancybox=\box30
\shadowsize=\dimen116
\@Sbox=\box31
\do@VerbBox=\toks25
\the@fancyput=\toks26
\this@fancyput=\toks27
\EndVerbatimTokens=\toks28
\Verbatim@Outfile=\write3
\Verbatim@Infile=\read2
) ("C:\Program Files (x86)\MiKTeX 2.7\tex\latex\multirow\multirow.sty"
\bigstrutjot=\dimen117
)
("C:\Program Files (x86)\MiKTeX 2.7\tex\latex\rotating\rotating.sty"
Package: rotating 2009/03/28 v2.16a rotated objects in LaTeX

("C:\Program Files (x86)\MiKTeX 2.7\tex\latex\base\ifthen.sty"
Package: ifthen 2001/05/26 v1.1c Standard LaTeX ifthen package (DPC)
)
\c@r@tfl@t=\count106
\rotFPtop=\skip52
\rotFPbot=\skip53
\rot@float@box=\box32
\rot@mess@toks=\toks29
)
("C:\Program Files (x86)\MiKTeX 2.7\tex\latex\jknappen\mathrsfs.sty"
Package: mathrsfs 1996/01/01 Math RSFS package v1.0 (jk)
\symrsfs=\mathgroup4
)
\c@definition=\count107
\c@problem=\count108
\c@property=\count109
\c@lemma=\count110
\c@proof=\count111

(Thesis.aux (Introduction.aux) (Methodology.aux) (OpenDevs.aux) (CmsXdaq.aux)
(Implementation.aux))
LaTeX Font Info:    Checking defaults for OML/cmm/m/it on input line 20.
LaTeX Font Info:    ... okay on input line 20.
LaTeX Font Info:    Checking defaults for T1/cmr/m/n on input line 20.
LaTeX Font Info:    ... okay on input line 20.
LaTeX Font Info:    Checking defaults for OT1/cmr/m/n on input line 20.
LaTeX Font Info:    ... okay on input line 20.
LaTeX Font Info:    Checking defaults for OMS/cmsy/m/n on input line 20.
LaTeX Font Info:    ... okay on input line 20.
LaTeX Font Info:    Checking defaults for OMX/cmex/m/n on input line 20.
LaTeX Font Info:    ... okay on input line 20.
LaTeX Font Info:    Checking defaults for U/cmr/m/n on input line 20.
LaTeX Font Info:    ... okay on input line 20.

("C:\Program Files (x86)\MiKTeX 2.7\tex\context\base\supp-pdf.tex"
[Loading MPS to PDF converter (version 2006.09.02).]
\scratchcounter=\count112
\scratchdimen=\dimen118
\scratchbox=\box33
\nofMPsegments=\count113
\nofMParguments=\count114
\everyMPshowfont=\toks30
\MPscratchCnt=\count115
\MPscratchDim=\dimen119
\MPnumerator=\count116
\everyMPtoPDFconversion=\toks31
) [1

{C:/ProgramData/MiKTeX/2.7/pdftex/config/pdftex.map}]
LaTeX Font Info:    Try loading font information for OMS+cmr on input line 48.

("C:\Program Files (x86)\MiKTeX 2.7\tex\latex\base\omscmr.fd"
File: omscmr.fd 1999/05/25 v2.5h Standard LaTeX font definitions
)
LaTeX Font Info:    Font shape `OMS/cmr/m/n' in size <12> not available
(Font)              Font shape `OMS/cmsy/m/n' tried instead on input line 48.
 [2] [3

]
(Thesis.toc
LaTeX Font Info:    Try loading font information for U+rsfs on input line 3.
 ("C:\Program Files (x86)\MiKTeX 2.7\tex\latex\jknappen\ursfs.fd"
File: ursfs.fd 1998/03/24 rsfs font definition file (jk)
)
Overfull \hbox (20.19638pt too wide) in paragraph at lines 8--8
 [][] []\OT1/cmr/m/n/12 A METHOD FOR PER-FOR-MANCE TEST-ING DIS-TRIBUTED 
 []

[4

]
Overfull \hbox (8.03542pt too wide) in paragraph at lines 34--34
 [][] []\OT1/cmr/m/n/12 MODEL BASED PER-FOR-MANCE EN-GI-NEER-ING OF CMS 
 []

)
\tf@toc=\write4
 [5] (Thesis.lot)
\tf@lot=\write5
 [6

] (Thesis.lof [7

] [8])
\tf@lof=\write6
 [9] (Introduction.tex
CHAPTER I.
) [1


] (Methodology.tex
CHAPTER II.

Overfull \hbox (52.96394pt too wide) in paragraph at lines 13--13
 []$ 
 []

[2



] [3]
Overfull \hbox (30.98618pt too wide) in paragraph at lines 24--24
 []$ 
 []

[4]

LaTeX Warning: Reference `chapter:DEVS' on page 5 undefined on input line 28.

[5] [6] [7] [8]
<figures/ApplicationMetaModel.png, id=59, 859.21pt x 816.04875pt>
File: figures/ApplicationMetaModel.png Graphic file (type png)

<use figures/ApplicationMetaModel.png> [9] [10 <figures/ApplicationMetaModel.pn
g (PNG copy)>]
<figures/ApplicationModelDataFlow.png, id=67, 642.4pt x 586.19pt>
File: figures/ApplicationModelDataFlow.png Graphic file (type png)

<use figures/ApplicationModelDataFlow.png>
<figures/ApplicationModelTestSeries.png, id=68, 642.4pt x 585.18625pt>
File: figures/ApplicationModelTestSeries.png Graphic file (type png)

<use figures/ApplicationModelTestSeries.png> [11] [12 <figures/ApplicationModel
DataFlow.png (PNG copy)> <figures/ApplicationModelTestSeries.png (PNG copy)>]
[13] <figures/ResourceLibraryMeta.png, id=78, 317.68687pt x 275.52937pt>
File: figures/ResourceLibraryMeta.png Graphic file (type png)

<use figures/ResourceLibraryMeta.png> [14 <figures/ResourceLibraryMeta.png (PNG
 copy)>] <figures/ResourceConfigMeta.png, id=82, 540.51938pt x 342.5297pt>
File: figures/ResourceConfigMeta.png Graphic file (type png)

<use figures/ResourceConfigMeta.png>
Overfull \hbox (40.09029pt too wide) in paragraph at lines 178--179
[]\OT1/cmr/bx/n/12 Iterators \OT1/cmr/m/n/12 are used to de-fine the se-ries $\
OML/cmm/m/it/12 i; j; k:::$ \OT1/cmr/m/n/12 for the no-tions of $[]$.
 []

[15 <figures/ResourceConfigMeta.png (PNG copy)>]
<figures/iterator-replicator.png, id=87, 435.6275pt x 230.8625pt>
File: figures/iterator-replicator.png Graphic file (type png)

<use figures/iterator-replicator.png>
<figures/iterator-connector.png, id=88, 200.75pt x 250.9375pt>
File: figures/iterator-connector.png Graphic file (type png)

<use figures/iterator-connector.png>
<figures/iterator-connector2.png, id=89, 446.66875pt x 256.96pt>
File: figures/iterator-connector2.png Graphic file (type png)

<use figures/iterator-connector2.png> [16 <figures/iterator-replicator.png (PNG
 copy)>] [17 <figures/iterator-connector.png (PNG copy)> <figures/iterator-conn
ector2.png (PNG copy)>]

LaTeX Warning: Reference `iterator-replicator' on page 18 undefined on input li
ne 211.


LaTeX Warning: Reference `iterator-connector2' on page 18 undefined on input li
ne 211.

[18]
Overfull \hbox (7.40282pt too wide) in paragraph at lines 229--230
[]\OT1/cmr/m/n/12 Most im-por-tant part of the in-put gen-er-a-tor model is the
 pa-ram-e-ter sweeper.
 []

[19] <figures/InputGeneratorMetaModel.PNG, id=103, 583.42969pt x 431.36156pt>
File: figures/InputGeneratorMetaModel.PNG Graphic file (type png)

<use figures/InputGeneratorMetaModel.PNG>
<figures/TestSeriesDefinition.png, id=105, 1685.29625pt x 1024.82875pt>
File: figures/TestSeriesDefinition.png Graphic file (type png)

<use figures/TestSeriesDefinition.png> [20 <figures/InputGeneratorMetaModel.PNG
>] [21 <figures/TestSeriesDefinition.png (PNG copy)>] [22] [23] [24] [25]
[26] [27] [28] [29] <figures/SystemRun.png, id=140, 201.00093pt x 282.30469pt>
File: figures/SystemRun.png Graphic file (type png)

<use figures/SystemRun.png> [30 <figures/SystemRun.png (PNG copy)>]
<figures/SimulationRun.png, id=144, 404.26031pt x 400.49625pt>
File: figures/SimulationRun.png Graphic file (type png)

<use figures/SimulationRun.png> [31 <figures/SimulationRun.png (PNG copy)>]
[32] [33]) [34] (OpenDevs.tex
CHAPTER III.
<figures/atomicdevs.png, id=158, 351.3125pt x 200.75pt>
File: figures/atomicdevs.png Graphic file (type png)

<use figures/atomicdevs.png>

LaTeX Warning: Citation `Devspp' on page 35 undefined on input line 20.

[35



] [36 <figures/atomicdevs.png>]

LaTeX Warning: Citation `Devspp' on page 37 undefined on input line 38.


Overfull \hbox (71.43443pt too wide) in paragraph at lines 38--39
[] \OT1/cmr/m/n/12 A cou-pled DEVS is also a 7-tuple struc-ture [[]] $\OML/cmm/
m/it/12 N \OT1/cmr/m/n/12 =\OML/cmm/m/it/12 < X; Y; D; [] ; EIC; ITC; EOC >$
 []

[37]

LaTeX Warning: Citation `Devspp' on page 38 undefined on input line 56.

) [38] [39] (CmsXdaq.tex
CHAPTER IV.
[40



] <figures/triggerdaq.png, id=182, 261.97874pt x 348.30125pt>
File: figures/triggerdaq.png Graphic file (type png)

<use figures/triggerdaq.png> [41] [42 <figures/triggerdaq.png (PNG copy)>]
<figures/xdaqarch.png, id=189, 540.0175pt x 243.91125pt>
File: figures/xdaqarch.png Graphic file (type png)

<use figures/xdaqarch.png> [43] [44 <figures/xdaqarch.png (PNG copy)>]
<figures/builder.png, id=196, 576.1525pt x 277.035pt>
File: figures/builder.png Graphic file (type png)

<use figures/builder.png> [45 <figures/builder.png (PNG copy)>]
<figures/3dxdaq.png, id=200, 513.92pt x 370.38374pt>
File: figures/3dxdaq.png Graphic file (type png)
 <use figures/3dxdaq.png>
[46 <figures/3dxdaq.png (PNG copy)>]
<figures/evm.png, id=205, 581.17125pt x 404.51125pt>
File: figures/evm.png Graphic file (type png)
 <use figures/evm.png>
<figures/ru.png, id=206, 490.83376pt x 419.5675pt>
File: figures/ru.png Graphic file (type png)
 <use figures/ru.png>
[47] [48 <figures/evm.png (PNG copy)>] [49 <figures/ru.png (PNG copy)>]
<figures/bu.png, id=216, 625.33624pt x 387.4475pt>
File: figures/bu.png Graphic file (type png)
 <use figures/bu.png>
[50 <figures/bu.png (PNG copy)>]) [51] (Implementation.tex
CHAPTER V.
<figures/SystemFigure.png, id=223, 592.2125pt x 456.70625pt>
File: figures/SystemFigure.png Graphic file (type png)

<use figures/SystemFigure.png> [52



]
<figures/SUT.png, id=228, 723.45282pt x 500.62032pt>
File: figures/SUT.png Graphic file (type png)
 <use figures/SUT.png>
[53 <figures/SystemFigure.png (PNG copy)>]

LaTeX Warning: Citation `ru' on page 54 undefined on input line 36.

[54 <figures/SUT.png (PNG copy)>]
<figures/evbsystem.png, id=235, 461.725pt x 441.65pt>
File: figures/evbsystem.png Graphic file (type png)

<use figures/evbsystem.png> [55 <figures/evbsystem.png (PNG copy)>] [56]
<figures/evm_behavior.png, id=242, 769.87625pt x 447.6725pt>
File: figures/evm_behavior.png Graphic file (type png)

<use figures/evm_behavior.png> [57] [58 <figures/evm_behavior.png (PNG copy)>]
<figures/evmmodel1.png, id=250, 567.11874pt x 476.78125pt>
File: figures/evmmodel1.png Graphic file (type png)

<use figures/evmmodel1.png>
<figures/ru_behavior.png, id=251, 722.7pt x 534.99875pt>
File: figures/ru_behavior.png Graphic file (type png)

<use figures/ru_behavior.png> [59] [60 <figures/evmmodel1.png (PNG copy)>]
[61 <figures/ru_behavior.png (PNG copy)>]
<figures/rumodel1.png, id=261, 671.50874pt x 661.47125pt>
File: figures/rumodel1.png Graphic file (type png)

<use figures/rumodel1.png>
<figures/bu_behavior.png, id=262, 602.25pt x 447.6725pt>
File: figures/bu_behavior.png Graphic file (type png)

<use figures/bu_behavior.png> [62] [63 <figures/rumodel1.png (PNG copy)>]
[64 <figures/bu_behavior.png (PNG copy)>] [65]
<figures/bumodel1.png, id=276, 739.76375pt x 661.47125pt>
File: figures/bumodel1.png Graphic file (type png)

<use figures/bumodel1.png>
<figures/pt_behavior.png, id=277, 568.1225pt x 233.87375pt>
File: figures/pt_behavior.png Graphic file (type png)

<use figures/pt_behavior.png> [66 <figures/bumodel1.png (PNG copy)>]
<figures/ptmodel1.png, id=281, 639.38875pt x 493.845pt>
File: figures/ptmodel1.png Graphic file (type png)

<use figures/ptmodel1.png> [67 <figures/pt_behavior.png (PNG copy)>]
<figures/executive_behavior.png, id=285, 532.99126pt x 233.87375pt>
File: figures/executive_behavior.png Graphic file (type png)

<use figures/executive_behavior.png> [68 <figures/ptmodel1.png (PNG copy)>]
<figures/executivemodel1.png, id=289, 639.38875pt x 493.845pt>
File: figures/executivemodel1.png Graphic file (type png)

<use figures/executivemodel1.png>
<figures/Processor.png, id=290, 684.5575pt x 245.91875pt>
File: figures/Processor.png Graphic file (type png)

<use figures/Processor.png> [69 <figures/executive_behavior.png (PNG copy)>]
[70 <figures/executivemodel1.png (PNG copy)> <figures/Processor.png (PNG copy)>
] [71]
Overfull \hbox (150.03188pt too wide) in paragraph at lines 237--238
\OT1/cmr/m/n/12 need to be packed be-fore send-ing a read-out re-quest to RUs. 
BU has \OT1/cmr/m/it/12 EVM[]ALLOCATE[]CLEAR[]PACKING
 []


Overfull \hbox (32.03488pt too wide) in paragraph at lines 239--240
[]\OT1/cmr/m/n/12 In ad-di-tion to the pack-ing pa-ram-e-ters, BU model cap-tur
es $\OML/cmm/m/it/12 blockFIFOCapacity$\OT1/cmr/m/n/12 ,
 []

[72] <figures/SweepInputGenerator.png, id=304, 711.65875pt x 480.79625pt>
File: figures/SweepInputGenerator.png Graphic file (type png)

<use figures/SweepInputGenerator.png> [73]
Overfull \hbox (85.47523pt too wide) in paragraph at lines 271--271
[]\OT1/cmtt/m/n/12 lognormal_distribution<double> lognorm_dist(_eventSizeMean, 
_eventSizeSigma);[] 
 []

[74 <figures/SweepInputGenerator.png (PNG copy)>]
<figures/DataGenerator.png, id=312, 474.27188pt x 303.38344pt>
File: figures/DataGenerator.png Graphic file (type png)

<use figures/DataGenerator.png> [75 <figures/DataGenerator.png (PNG copy)>]
<figures/evm-bu.png, id=316, 448.67625pt x 162.6075pt>
File: figures/evm-bu.png Graphic file (type png)

<use figures/evm-bu.png> [76] [77 <figures/evm-bu.png (PNG copy)>] [78]
<figures/evm-ru.png, id=327, 449.68pt x 162.6075pt>
File: figures/evm-ru.png Graphic file (type png)
 <use figures/evm-ru.png>
[79] <figures/bu-ru.png, id=331, 448.67625pt x 162.6075pt>
File: figures/bu-ru.png Graphic file (type png)

<use figures/bu-ru.png> [80 <figures/evm-ru.png (PNG copy)>] [81 <figures/bu-ru
.png (PNG copy)>] <figures/exec-pt.png, id=338, 840.13875pt x 165.61874pt>
File: figures/exec-pt.png Graphic file (type png)

<use figures/exec-pt.png> [82 <figures/exec-pt.png (PNG copy)>]
<figures/processor-app.png, id=343, 556.0775pt x 162.6075pt>
File: figures/processor-app.png Graphic file (type png)

<use figures/processor-app.png> [83 <figures/processor-app.png (PNG copy)>]

LaTeX Warning: Reference `fig:EVMModel' on page 84 undefined on input line 462.


[84] <figures/EVM_tsdml.png, id=350, 997.47656pt x 780.66656pt>
File: figures/EVM_tsdml.png Graphic file (type png)

<use figures/EVM_tsdml.png> [85 <figures/EVM_tsdml.png (PNG copy)>]
<figures/TSDModel.png, id=354, 1108.8928pt x 782.17218pt>
File: figures/TSDModel.png Graphic file (type png)

<use figures/TSDModel.png> [86] [87 <figures/TSDModel.png (PNG copy)>]
<figures/TSDItRep.png, id=361, 405.76593pt x 248.42813pt>
File: figures/TSDItRep.png Graphic file (type png)

<use figures/TSDItRep.png> [88 <figures/TSDItRep.png>]
<figures/ConnTSD.png, id=367, 1108.8928pt x 782.17218pt>
File: figures/ConnTSD.png Graphic file (type png)

<use figures/ConnTSD.png>
<figures/TSDSweep.png, id=368, 1073.51062pt x 783.67781pt>
File: figures/TSDSweep.png Graphic file (type png)

<use figures/TSDSweep.png> [89 <figures/ConnTSD.png (PNG copy)>] [90 <figures/T
SDSweep.png (PNG copy)>]
<figures/TSDInput.png, id=375, 1074.26344pt x 782.925pt>
File: figures/TSDInput.png Graphic file (type png)

<use figures/TSDInput.png>
<figures/TSDNode.png, id=376, 946.28531pt x 781.41937pt>
File: figures/TSDNode.png Graphic file (type png)

<use figures/TSDNode.png> [91] [92 <figures/TSDInput.png (PNG copy)>] [93 <figu
res/TSDNode.png (PNG copy)>]
<figures/TSDDeploy.png, id=386, 945.5325pt x 780.66656pt>
File: figures/TSDDeploy.png Graphic file (type png)

<use figures/TSDDeploy.png>
<figures/TSDProbe.png, id=387, 947.79094pt x 780.66656pt>
File: figures/TSDProbe.png Graphic file (type png)

<use figures/TSDProbe.png> [94] [95 <figures/TSDDeploy.png (PNG copy)>]
[96 <figures/TSDProbe.png (PNG copy)>]
<figures/TSDProbeAdv.png, id=398, 1110.39844pt x 758.08218pt>
File: figures/TSDProbeAdv.png Graphic file (type png)

<use figures/TSDProbeAdv.png> [97 <figures/TSDProbeAdv.png (PNG copy)>]
<figures/TSDTestGen1.png, id=402, 359.09157pt x 182.18062pt>
File: figures/TSDTestGen1.png Graphic file (type png)

<use figures/TSDTestGen1.png> [98 <figures/TSDTestGen1.png>]
<figures/TSDConfigSchema.png, id=407, 474.27188pt x 691.08188pt>
File: figures/TSDConfigSchema.png Graphic file (type png)

<use figures/TSDConfigSchema.png> [99] [100 <figures/TSDConfigSchema.png (PNG c
opy)>] <figures/TSDExecution.png, id=415, 582.67688pt x 413.29407pt>
File: figures/TSDExecution.png Graphic file (type png)

<use figures/TSDExecution.png> [101]) [102 <figures/TSDExecution.png>]
(TSDSchemaApx.tex
Overfull \hbox (690.62553pt too wide) in paragraph at lines 4--4
[]\OT1/cmtt/m/n/12 <xs:schema xmlns:xsi="http://www.w3.org/2001/XMLSchema-insta
nce" attributeFormDefault="unqualified" elementFormDefault="qualified" xmlns:xs
="http://www.w3.org/2001/XMLSchema">[] 
 []


Overfull \hbox (73.12523pt too wide) in paragraph at lines 10--10
[]            \OT1/cmtt/m/n/12 <xs:attribute name="comment" type="xs:string" us
e="required" />[] 
 []


Overfull \hbox (42.25021pt too wide) in paragraph at lines 11--11
[]            \OT1/cmtt/m/n/12 <xs:attribute name="db" type="xs:string" use="re
quired" />[] 
 []


Overfull \hbox (97.82524pt too wide) in paragraph at lines 12--12
[]            \OT1/cmtt/m/n/12 <xs:attribute name="id" type="xs:positiveInteger
" use="required" />[] 
 []


Overfull \hbox (48.42522pt too wide) in paragraph at lines 15--15
[]        \OT1/cmtt/m/n/12 <xs:element name="input_generator" maxOccurs="1" min
Occurs="1">[] 
 []


Overfull \hbox (11.3752pt too wide) in paragraph at lines 18--18
[]              \OT1/cmtt/m/n/12 <xs:element maxOccurs="unbounded" name="parame
ter">[] 
 []


Overfull \hbox (5.2002pt too wide) in paragraph at lines 21--21
[]                    \OT1/cmtt/m/n/12 <xs:element name="value" type="xs:double
" />[] 
 []


Overfull \hbox (91.65024pt too wide) in paragraph at lines 23--23
[]                  \OT1/cmtt/m/n/12 <xs:attribute name="name" type="xs:string"
 use="required" />[] 
 []

[103

]
Overfull \hbox (91.65024pt too wide) in paragraph at lines 24--24
[]                  \OT1/cmtt/m/n/12 <xs:attribute name="type" type="xs:string"
 use="required" />[] 
 []


Overfull \hbox (60.77522pt too wide) in paragraph at lines 33--33
[]              \OT1/cmtt/m/n/12 <xs:element maxOccurs="unbounded" name="cpu" m
inOccurs="1">[] 
 []


Overfull \hbox (159.57527pt too wide) in paragraph at lines 36--36
[]                    \OT1/cmtt/m/n/12 <xs:element name="xdaqexecutive" minOccu
rs="1" maxOccurs="unbounded">[] 
 []


Overfull \hbox (97.82524pt too wide) in paragraph at lines 39--39
[]                          \OT1/cmtt/m/n/12 <xs:element maxOccurs="unbounded" 
name="application">[] 
 []


Overfull \hbox (116.35025pt too wide) in paragraph at lines 42--42
[]                                \OT1/cmtt/m/n/12 <xs:element maxOccurs="unbou
nded" name="appparam">[] 
 []


Overfull \hbox (116.35025pt too wide) in paragraph at lines 45--45
[]                                      \OT1/cmtt/m/n/12 <xs:element name="valu
e" type="xs:double" />[] 
 []

[104]
Overfull \hbox (202.8003pt too wide) in paragraph at lines 47--47
[]                                    \OT1/cmtt/m/n/12 <xs:attribute name="name
" type="xs:string" use="required" />[] 
 []


Overfull \hbox (202.8003pt too wide) in paragraph at lines 48--48
[]                                    \OT1/cmtt/m/n/12 <xs:attribute name="type
" type="xs:string" use="required" />[] 
 []


Overfull \hbox (208.9753pt too wide) in paragraph at lines 52--52
[]                              \OT1/cmtt/m/n/12 <xs:attribute name="id" type="
xs:positiveInteger" use="required" />[] 
 []


Overfull \hbox (190.45029pt too wide) in paragraph at lines 53--53
[]                              \OT1/cmtt/m/n/12 <xs:attribute name="monperf" t
ype="xs:boolean" use="required" />[] 
 []


Overfull \hbox (165.75027pt too wide) in paragraph at lines 54--54
[]                              \OT1/cmtt/m/n/12 <xs:attribute name="name" type
="xs:string" use="required" />[] 
 []


Overfull \hbox (276.90033pt too wide) in paragraph at lines 55--55
[]                              \OT1/cmtt/m/n/12 <xs:attribute name="nbOfInstan
ces" type="xs:positiveInteger" use="required" />[] 
 []


Overfull \hbox (252.20032pt too wide) in paragraph at lines 56--56
[]                              \OT1/cmtt/m/n/12 <xs:attribute name="unique_id"
 type="xs:positiveInteger" use="required" />[] 
 []


Overfull \hbox (264.55032pt too wide) in paragraph at lines 57--57
[]                              \OT1/cmtt/m/n/12 <xs:attribute name="minExecTim
e" type="xs:positiveInteger" use="required" />[] 
 []


Overfull \hbox (264.55032pt too wide) in paragraph at lines 58--58
[]                              \OT1/cmtt/m/n/12 <xs:attribute name="maxExecTim
e" type="xs:positiveInteger" use="required" />[] 
 []


Overfull \hbox (171.92528pt too wide) in paragraph at lines 62--62
[]                        \OT1/cmtt/m/n/12 <xs:attribute name="port" type="xs:u
nsignedShort" use="required" />[] 
 []


Overfull \hbox (79.30023pt too wide) in paragraph at lines 66--66
[]                  \OT1/cmtt/m/n/12 <xs:attribute name="ip" type="xs:string" u
se="required" />[] 
 []

[105]
Overfull \hbox (17.5502pt too wide) in paragraph at lines 75--75
[]              \OT1/cmtt/m/n/12 <xs:element maxOccurs="unbounded" name="connec
tion">[] 
 []


Overfull \hbox (159.57527pt too wide) in paragraph at lines 77--77
[]                  \OT1/cmtt/m/n/12 <xs:attribute name="dstApp" type="xs:posit
iveInteger" use="required" />[] 
 []


Overfull \hbox (159.57527pt too wide) in paragraph at lines 78--78
[]                  \OT1/cmtt/m/n/12 <xs:attribute name="srcApp" type="xs:posit
iveInteger" use="required" />[] 
 []


Overfull \hbox (190.45029pt too wide) in paragraph at lines 79--79
[]                  \OT1/cmtt/m/n/12 <xs:attribute name="dstInstance" type="xs:
positiveInteger" use="required" />[] 
 []


Overfull \hbox (190.45029pt too wide) in paragraph at lines 80--80
[]                  \OT1/cmtt/m/n/12 <xs:attribute name="srcInstance" type="xs:
positiveInteger" use="required" />[] 
 []


Overfull \hbox (104.00024pt too wide) in paragraph at lines 91--91
[]                  \OT1/cmtt/m/n/12 <xs:attribute name="metric" type="xs:strin
g" use="required" />[] 
 []


Overfull \hbox (116.35025pt too wide) in paragraph at lines 92--92
[]                  \OT1/cmtt/m/n/12 <xs:attribute name="negative" type="xs:str
ing" use="required" />[] 
 []

[106]
Overfull \hbox (116.35025pt too wide) in paragraph at lines 93--93
[]                  \OT1/cmtt/m/n/12 <xs:attribute name="positive" type="xs:str
ing" use="required" />[] 
 []

) (Thesis.bbl [107] [108

] [109]) [110] (Thesis.aux (Introduction.aux)
(Methodology.aux) (OpenDevs.aux) (CmsXdaq.aux) (Implementation.aux))

LaTeX Warning: There were undefined references.

 ) 
Here is how much of TeX's memory you used:
 2639 strings out of 95304
 35593 string characters out of 1182842
 88893 words of memory out of 1500000
 5725 multiletter control sequences out of 110000
 8726 words of font info for 33 fonts, out of 3000000 for 5000
 14 hyphenation exceptions out of 8191
 28i,7n,24p,1437b,254s stack positions out of 5000i,500n,10000p,200000b,50000s
<C:/Program Files (x86)/MiKTeX 2.7/fonts/type1/bluesky/cm/cmbx12.pfb><C:/Prog
ram Files (x86)/MiKTeX 2.7/fonts/type1/bluesky/cm/cmbxti10.pfb><C:/Program File
s (x86)/MiKTeX 2.7/fonts/type1/bluesky/cm/cmmi12.pfb><C:/Program Files (x86)/Mi
KTeX 2.7/fonts/type1/bluesky/cm/cmmi8.pfb><C:/Program Files (x86)/MiKTeX 2.7/fo
nts/type1/bluesky/cm/cmr12.pfb><C:/Program Files (x86)/MiKTeX 2.7/fonts/type1/b
luesky/cm/cmr8.pfb><C:/Program Files (x86)/MiKTeX 2.7/fonts/type1/bluesky/cm/cm
sy10.pfb><C:/Program Files (x86)/MiKTeX 2.7/fonts/type1/bluesky/cm/cmsy8.pfb><C
:/Program Files (x86)/MiKTeX 2.7/fonts/type1/bluesky/cm/cmti12.pfb><C:/Program 
Files (x86)/MiKTeX 2.7/fonts/type1/bluesky/cm/cmtt12.pfb>
Output written on Thesis.pdf (119 pages, 2925357 bytes).
PDF statistics:
 484 PDF objects out of 1000 (max. 8388607)
 0 named destinations out of 1000 (max. 131072)
 271 words of extra memory for PDF output out of 10000 (max. 10000000)

